::1 - - [18/Jul/2025:16:40:34 +0530] "POST /wp-cron.php?doing_wp_cron=1752837034.2020599842071533203125 HTTP/1.1" 200 -
::1 - - [18/Jul/2025:16:40:43 +0530] "POST /wp-cron.php?doing_wp_cron=1752837043.0720551013946533203125 HTTP/1.1" 200 -
::1 - - [18/Jul/2025:16:40:47 +0530] "GET /wp-admin/ HTTP/1.1" 302 -
::1 - - [18/Jul/2025:16:40:47 +0530] "GET /wp-login.php?redirect_to=http%3A%2F%2Flocalhost%3A10005%2Fwp-admin%2F&reauth=1 HTTP/1.1" 200 4431
::1 - - [18/Jul/2025:16:40:48 +0530] "GET /wp-admin/js/password-strength-meter.min.js?ver=6.8.2 HTTP/1.1" 200 1123
::1 - - [18/Jul/2025:16:40:48 +0530] "GET /wp-includes/js/wp-util.min.js?ver=6.8.2 HTTP/1.1" 200 1426
::1 - - [18/Jul/2025:16:40:48 +0530] "GET /wp-includes/js/dist/i18n.min.js?ver=5e580eb46a90c2b997e6 HTTP/1.1" 200 9141
::1 - - [18/Jul/2025:16:40:48 +0530] "GET /wp-includes/js/underscore.min.js?ver=1.13.7 HTTP/1.1" 200 18905
::1 - - [18/Jul/2025:16:40:48 +0530] "GET /wp-admin/js/user-profile.min.js?ver=6.8.2 HTTP/1.1" 200 6862
::1 - - [18/Jul/2025:16:40:48 +0530] "GET /wp-includes/js/dist/dom-ready.min.js?ver=f77871ff7694fffea381 HTTP/1.1" 200 457
::1 - - [18/Jul/2025:16:40:48 +0530] "GET /wp-includes/js/dist/a11y.min.js?ver=3156534cc54473497e14 HTTP/1.1" 200 2358
::1 - - [18/Jul/2025:16:40:48 +0530] "GET /wp-admin/load-styles.php?c=0&dir=ltr&load%5Bchunk_0%5D=dashicons,buttons,forms,l10n,login&ver=6.8.2 HTTP/1.1" 200 103138
::1 - - [18/Jul/2025:16:40:48 +0530] "GET /wp-admin/images/wordpress-logo.svg?ver=20131107 HTTP/1.1" 200 1521
::1 - - [18/Jul/2025:16:40:48 +0530] "GET /wp-admin/load-scripts.php?c=0&load%5Bchunk_0%5D=clipboard,jquery-core,jquery-migrate,zxcvbn-async,wp-hooks&ver=6.8.2 HTTP/1.1" 200 115271
::1 - - [18/Jul/2025:16:40:49 +0530] "GET /wp-includes/js/zxcvbn.min.js HTTP/1.1" 200 822237
::1 - - [18/Jul/2025:16:40:49 +0530] "GET /favicon.ico HTTP/1.1" 302 -
::1 - - [18/Jul/2025:16:40:49 +0530] "GET /wp-includes/images/w-logo-blue-white-bg.png HTTP/1.1" 200 4119
::1 - - [18/Jul/2025:16:40:57 +0530] "POST /wp-login.php HTTP/1.1" 200 4891
::1 - - [18/Jul/2025:16:41:04 +0530] "GET / HTTP/1.1" 200 50325
::1 - - [18/Jul/2025:16:41:05 +0530] "GET /wp-includes/blocks/navigation/style.min.css?ver=6.8.2 HTTP/1.1" 200 16449
::1 - - [18/Jul/2025:16:41:05 +0530] "GET /wp-content/themes/twentytwentyfive/style.css?ver=1.3 HTTP/1.1" 200 2503
::1 - - [18/Jul/2025:16:41:05 +0530] "GET /wp-includes/js/dist/script-modules/block-library/navigation/view.min.js?ver=61572d447d60c0aa5240 HTTP/1.1" 200 3358
::1 - - [18/Jul/2025:16:41:05 +0530] "GET /wp-includes/js/dist/script-modules/interactivity/index.min.js?ver=55aebb6e0a16726baffb HTTP/1.1" 200 38256
::1 - - [18/Jul/2025:16:41:05 +0530] "GET /wp-content/themes/twentytwentyfive/assets/fonts/manrope/Manrope-VariableFont_wght.woff2 HTTP/1.1" 200 53600
::1 - - [18/Jul/2025:16:41:06 +0530] "GET /wp-includes/js/wp-emoji-release.min.js?ver=6.8.2 HTTP/1.1" 200 19251
::1 - - [18/Jul/2025:16:41:29 +0530] "GET /sample-page/ HTTP/1.1" 200 49356
::1 - - [18/Jul/2025:16:41:30 +0530] "POST /wp-cron.php?doing_wp_cron=1752837090.2082169055938720703125 HTTP/1.1" 200 -
::1 - - [18/Jul/2025:16:41:34 +0530] "GET / HTTP/1.1" 200 50325
::1 - - [18/Jul/2025:16:41:44 +0530] "GET /wp-login.php?action=lostpassword HTTP/1.1" 200 2105
::1 - - [18/Jul/2025:16:41:50 +0530] "POST /wp-login.php?action=lostpassword HTTP/1.1" 302 -
::1 - - [18/Jul/2025:16:41:50 +0530] "GET /wp-login.php?checkemail=confirm HTTP/1.1" 200 1280
::1 - - [18/Jul/2025:16:42:16 +0530] "GET /wp-login.php HTTP/1.1" 200 4431
::1 - - [18/Jul/2025:16:42:22 +0530] "GET / HTTP/1.1" 200 50325
::1 - - [18/Jul/2025:16:44:07 +0530] "GET /wp-admin/ HTTP/1.1" 302 -
::1 - - [18/Jul/2025:16:44:08 +0530] "GET /wp-login.php?redirect_to=http%3A%2F%2Flocalhost%3A10005%2Fwp-admin%2F&reauth=1 HTTP/1.1" 200 4431
::1 - - [18/Jul/2025:16:44:15 +0530] "GET /wp-login.php?action=lostpassword HTTP/1.1" 200 2105
::1 - - [18/Jul/2025:16:44:19 +0530] "POST /wp-login.php?action=lostpassword HTTP/1.1" 302 -
::1 - - [18/Jul/2025:16:44:20 +0530] "GET /wp-login.php?checkemail=confirm HTTP/1.1" 200 1280
::1 - - [18/Jul/2025:16:46:24 +0530] "GET / HTTP/1.1" 200 50325
::1 - - [18/Jul/2025:16:47:07 +0530] "GET /wp-admin/ HTTP/1.1" 302 -
::1 - - [18/Jul/2025:16:47:09 +0530] "GET /wp-login.php?redirect_to=http%3A%2F%2Flocalhost%3A10005%2Fwp-admin%2F&reauth=1 HTTP/1.1" 200 4431
::1 - - [18/Jul/2025:16:47:09 +0530] "GET /wp-includes/js/dist/i18n.min.js?ver=5e580eb46a90c2b997e6 HTTP/1.1" 200 9141
::1 - - [18/Jul/2025:16:47:09 +0530] "GET /wp-includes/js/wp-util.min.js?ver=6.8.2 HTTP/1.1" 200 1426
::1 - - [18/Jul/2025:16:47:09 +0530] "GET /wp-admin/js/password-strength-meter.min.js?ver=6.8.2 HTTP/1.1" 200 1123
::1 - - [18/Jul/2025:16:47:09 +0530] "GET /wp-includes/js/underscore.min.js?ver=1.13.7 HTTP/1.1" 200 18905
::1 - - [18/Jul/2025:16:47:09 +0530] "GET /wp-admin/js/user-profile.min.js?ver=6.8.2 HTTP/1.1" 200 6862
::1 - - [18/Jul/2025:16:47:09 +0530] "GET /wp-includes/js/dist/dom-ready.min.js?ver=f77871ff7694fffea381 HTTP/1.1" 200 457
::1 - - [18/Jul/2025:16:47:09 +0530] "GET /wp-includes/js/dist/a11y.min.js?ver=3156534cc54473497e14 HTTP/1.1" 200 2358
::1 - - [18/Jul/2025:16:47:09 +0530] "GET /wp-admin/load-scripts.php?c=0&load%5Bchunk_0%5D=clipboard,jquery-core,jquery-migrate,zxcvbn-async,wp-hooks&ver=6.8.2 HTTP/1.1" 200 115271
::1 - - [18/Jul/2025:16:47:09 +0530] "GET /wp-admin/load-styles.php?c=0&dir=ltr&load%5Bchunk_0%5D=dashicons,buttons,forms,l10n,login&ver=6.8.2 HTTP/1.1" 200 103138
::1 - - [18/Jul/2025:16:47:09 +0530] "GET /wp-admin/images/wordpress-logo.svg?ver=20131107 HTTP/1.1" 200 1521
::1 - - [18/Jul/2025:16:47:10 +0530] "GET /wp-includes/js/zxcvbn.min.js HTTP/1.1" 200 822237
::1 - - [18/Jul/2025:16:47:10 +0530] "GET /favicon.ico HTTP/1.1" 302 -
::1 - - [18/Jul/2025:16:47:12 +0530] "GET /wp-includes/images/w-logo-blue-white-bg.png HTTP/1.1" 200 4119
::1 - - [18/Jul/2025:16:47:24 +0530] "POST /wp-login.php HTTP/1.1" 200 4891
::1 - - [18/Jul/2025:16:47:38 +0530] "POST /wp-login.php HTTP/1.1" 200 4891
::1 - - [18/Jul/2025:16:47:56 +0530] "POST /wp-login.php HTTP/1.1" 200 4891
::1 - - [18/Jul/2025:16:48:34 +0530] "POST /wp-login.php HTTP/1.1" 200 4909
::1 - - [18/Jul/2025:16:48:38 +0530] "GET /wp-login.php?action=lostpassword HTTP/1.1" 200 2105
::1 - - [18/Jul/2025:16:48:44 +0530] "POST /wp-login.php?action=lostpassword HTTP/1.1" 302 -
::1 - - [18/Jul/2025:16:48:45 +0530] "GET /wp-login.php?checkemail=confirm HTTP/1.1" 200 1280
::1 - - [18/Jul/2025:16:49:51 +0530] "GET /wp-login.php HTTP/1.1" 200 4431
::1 - - [18/Jul/2025:16:49:56 +0530] "GET /wp-login.php?action=lostpassword HTTP/1.1" 200 2105
::1 - - [18/Jul/2025:16:50:01 +0530] "POST /wp-login.php?action=lostpassword HTTP/1.1" 302 -
::1 - - [18/Jul/2025:16:50:02 +0530] "GET /wp-login.php?checkemail=confirm HTTP/1.1" 200 1280
::1 - - [18/Jul/2025:16:52:06 +0530] "GET / HTTP/1.1" 200 50325
::1 - - [18/Jul/2025:16:55:03 +0530] "GET /wp-login.php HTTP/1.1" 200 4431
::1 - - [18/Jul/2025:16:55:18 +0530] "POST /wp-login.php HTTP/1.1" 200 4801
::1 - - [18/Jul/2025:16:55:26 +0530] "GET /wp-login.php?action=lostpassword HTTP/1.1" 200 2105
::1 - - [18/Jul/2025:16:55:30 +0530] "POST /wp-login.php?action=lostpassword HTTP/1.1" 302 -
::1 - - [18/Jul/2025:16:55:30 +0530] "GET /wp-login.php?checkemail=confirm HTTP/1.1" 200 1280
::1 - - [18/Jul/2025:16:55:54 +0530] "GET / HTTP/1.1" 200 50325
::1 - - [18/Jul/2025:16:55:55 +0530] "GET /wp-includes/blocks/navigation/style.min.css?ver=6.8.2 HTTP/1.1" 200 16449
::1 - - [18/Jul/2025:16:55:55 +0530] "GET /wp-content/themes/twentytwentyfive/style.css?ver=1.3 HTTP/1.1" 200 2503
::1 - - [18/Jul/2025:16:55:55 +0530] "GET /wp-includes/js/dist/script-modules/block-library/navigation/view.min.js?ver=61572d447d60c0aa5240 HTTP/1.1" 200 3358
::1 - - [18/Jul/2025:16:55:55 +0530] "GET /wp-includes/js/dist/script-modules/interactivity/index.min.js?ver=55aebb6e0a16726baffb HTTP/1.1" 200 38256
::1 - - [18/Jul/2025:16:55:55 +0530] "GET /wp-content/themes/twentytwentyfive/assets/fonts/manrope/Manrope-VariableFont_wght.woff2 HTTP/1.1" 200 53600
::1 - - [18/Jul/2025:16:55:55 +0530] "GET /wp-includes/js/wp-emoji-release.min.js?ver=6.8.2 HTTP/1.1" 200 19251
::1 - - [18/Jul/2025:17:02:33 +0530] "GET / HTTP/1.1" 200 50325
::1 - - [18/Jul/2025:17:02:34 +0530] "GET /favicon.ico HTTP/1.1" 302 -
::1 - - [18/Jul/2025:17:02:45 +0530] "GET /sample-page/ HTTP/1.1" 200 49356
::1 - - [18/Jul/2025:17:04:44 +0530] "GET /sample-page/ HTTP/1.1" 200 49356
::1 - - [18/Jul/2025:17:05:18 +0530] "GET /function.php HTTP/1.1" 404 55207
::1 - - [18/Jul/2025:17:05:21 +0530] "GET /wp-content/themes/twentytwentyfive/assets/images/404-image.webp HTTP/1.1" 200 129970
::1 - - [18/Jul/2025:17:06:17 +0530] "GET / HTTP/1.1" 200 50325
::1 - - [18/Jul/2025:17:06:23 +0530] "GET /wp-login.php?checkemail=confirm HTTP/1.1" 200 1280
::1 - - [18/Jul/2025:17:11:24 +0530] "GET / HTTP/1.1" 200 50325
::1 - - [18/Jul/2025:17:11:26 +0530] "GET /favicon.ico HTTP/1.1" 302 -
::1 - - [18/Jul/2025:17:15:04 +0530] "GET /sample-page/ HTTP/1.1" 200 49356
::1 - - [18/Jul/2025:17:15:54 +0530] "GET /wp-login.php HTTP/1.1" 200 4431
::1 - - [18/Jul/2025:17:16:37 +0530] "GET /wp-login.php?checkemail=confirm HTTP/1.1" 200 1280
::1 - - [18/Jul/2025:18:18:46 +0530] "GET /wp-admin/ HTTP/1.1" 500 532
::1 - - [18/Jul/2025:18:19:26 +0530] "GET /favicon.ico HTTP/1.1" 302 -
::1 - - [18/Jul/2025:18:19:34 +0530] "POST /wp-cron.php?doing_wp_cron=1752842974.5190379619598388671875 HTTP/1.1" 200 -
::1 - - [18/Jul/2025:18:18:59 +0530] "GET /sample-page/ HTTP/1.1" 200 49356
::1 - - [18/Jul/2025:18:19:34 +0530] "POST /wp-cron.php?doing_wp_cron=1752842974.5200259685516357421875 HTTP/1.1" 500 532
